<?xml version="1.0" encoding="UTF-8"?>
<!-- Generated by org.testng.reporters.JUnitReportReporter -->
<testsuite skipped="0" hostname="UTTKARSHs-MacBook-Air.local" name="com.EmployeeApi.TestCases.TC001_Get_All_Employees_Record" tests="8" failures="0" timestamp="2020-05-20T01:54:45 IST" time="0.027" errors="0">
  <testcase name="checkStatuscode" time="0.002" classname="com.EmployeeApi.TestCases.TC001_Get_All_Employees_Record"/>
  <system-out/>
  <testcase name="checkResponseBody" time="0.005" classname="com.EmployeeApi.TestCases.TC001_Get_All_Employees_Record"/>
  <system-out/>
  <testcase name="checkContentType" time="0.002" classname="com.EmployeeApi.TestCases.TC001_Get_All_Employees_Record"/>
  <system-out/>
  <testcase name="checkResponseTime" time="0.003" classname="com.EmployeeApi.TestCases.TC001_Get_All_Employees_Record"/>
  <system-out/>
  <testcase name="checkContentEncoding" time="0.008" classname="com.EmployeeApi.TestCases.TC001_Get_All_Employees_Record"/>
  <system-out/>
  <testcase name="checkStatusLine" time="0.002" classname="com.EmployeeApi.TestCases.TC001_Get_All_Employees_Record"/>
  <system-out/>
  <testcase name="checkServerType" time="0.003" classname="com.EmployeeApi.TestCases.TC001_Get_All_Employees_Record"/>
  <system-out/>
  <testcase name="checkContentLength" time="0.002" classname="com.EmployeeApi.TestCases.TC001_Get_All_Employees_Record"/>
  <system-out/>
</testsuite> <!-- com.EmployeeApi.TestCases.TC001_Get_All_Employees_Record -->
