<?xml version="1.0" encoding="UTF-8"?>
<!-- Generated by org.testng.reporters.JUnitReportReporter -->
<testsuite skipped="0" hostname="UTTKARSHs-MacBook-Air.local" name="com.EmployeeApi.TestCases.TC003_POST_Employee_Record" tests="6" failures="0" timestamp="2020-05-20T01:54:45 IST" time="0.009" errors="0">
  <testcase name="checkResponseBody" time="0.002" classname="com.EmployeeApi.TestCases.TC003_POST_Employee_Record"/>
  <system-out/>
  <testcase name="checkResponseTime" time="0.001" classname="com.EmployeeApi.TestCases.TC003_POST_Employee_Record"/>
  <system-out/>
  <testcase name="checkStatusLine" time="0.001" classname="com.EmployeeApi.TestCases.TC003_POST_Employee_Record"/>
  <system-out/>
  <testcase name="checkContentType" time="0.002" classname="com.EmployeeApi.TestCases.TC003_POST_Employee_Record"/>
  <system-out/>
  <testcase name="checkStatuscode" time="0.001" classname="com.EmployeeApi.TestCases.TC003_POST_Employee_Record"/>
  <system-out/>
  <testcase name="checkServerType" time="0.002" classname="com.EmployeeApi.TestCases.TC003_POST_Employee_Record"/>
  <system-out/>
</testsuite> <!-- com.EmployeeApi.TestCases.TC003_POST_Employee_Record -->
